<?xml version="1.0" encoding="UTF-8"?>
<testng-results ignored="0" total="1" passed="1" failed="0" skipped="0">
  <reporter-output>
  </reporter-output>
  <suite started-at="2023-08-17T15:13:18 BRT" name="Surefire suite" finished-at="2023-08-17T15:13:18 BRT" duration-ms="47">
    <groups>
    </groups>
    <test started-at="2023-08-17T15:13:18 BRT" name="Surefire test" finished-at="2023-08-17T15:13:18 BRT" duration-ms="47">
      <class name="com.meuteste.AppTest">
        <test-method signature="testApp()" started-at="2023-08-17T15:13:18 BRT" name="testApp" finished-at="2023-08-17T15:13:18 BRT" duration-ms="16" status="PASS">
          <reporter-output>
          </reporter-output>
        </test-method> <!-- testApp -->
      </class> <!-- com.meuteste.AppTest -->
    </test> <!-- Surefire test -->
  </suite> <!-- Surefire suite -->
</testng-results>
