<?xml version="1.0" encoding="UTF-8"?>
<testsuite xmlns:xsi="http://www.w3.org/2001/XMLSchema-instance" xsi:noNamespaceSchemaLocation="https://maven.apache.org/surefire/maven-surefire-plugin/xsd/surefire-test-report-3.0.xsd" version="3.0" name="TestSuite" time="4.437" tests="2" errors="0" skipped="0" failures="0">
  <properties>
[...]
</properties>
  <testcase name="testListUsers" classname="com.meuteste.ReqResApiTest" time="3.703"/>
  <testcase name="testApp on testApp(com.meuteste.AppTest)" classname="com.meuteste.AppTest" time="0.0"/>
</testsuite>